<?xml version="1.0" encoding="UTF-8"?>
<!-- Generated by org.testng.reporters.JUnitXMLReporter -->
<testsuite ignored="0" hostname="ShriRam-Samarth" failures="0" tests="3" name="TestRegression" time="132.618" errors="0" timestamp="2022-11-11T14:12:57 IST">
  <testcase classname="com.qa.testLayer.HomePageTest" name="verifyHomePage" time="8.029"/>
  <testcase classname="com.qa.testLayer.MyDashboardTest" name="loginFunctionality" time="32.35"/>
  <testcase classname="com.qa.testLayer.LoginPageTest" name="verifyLoginPage" time="9.402"/>
</testsuite> <!-- TestRegression -->
